2025-08-31 06:24:05 - Opened File Management module
2025-08-31 07:21:45 - Opened File Management module
2025-08-31 07:44:47 - Created file: testfile.txt
2025-08-31 07:44:47 - Opened File Management module
2025-08-31 07:45:04 - Viewed file: testfile.txt
2025-08-31 07:45:04 - Opened File Management module
2025-08-31 07:45:21 - Deleted file: testfile.txt
2025-08-31 07:45:21 - Opened File Management module
2025-08-31 07:45:27 - Exited Shell Starter Kit
2025-08-31 08:02:45 - Created directory: testdir
2025-08-31 08:02:45 - Opened Directory Management module
2025-08-31 08:02:57 - Tried to view non-existent file: testfile.txt
2025-08-31 08:02:57 - Opened File Management module
2025-08-31 08:03:11 - Deleted directory: testdir
2025-08-31 08:03:11 - Opened Directory Management module
2025-08-31 08:03:21 - Deleted directory: 3
2025-08-31 08:03:21 - Opened Directory Management module
2025-08-31 08:03:35 - Exited Shell Starter Kit
2025-08-31 08:05:50 - Copied file: file1.txt -> folder/
2025-08-31 08:05:50 - Opened Copy & Move module
2025-08-31 08:06:30 - Copied file: file1.txt -> file2.txt
2025-08-31 08:06:30 - Opened Copy & Move module
2025-08-31 08:06:48 - Moved file: file2.txt -> folder/
2025-08-31 08:06:48 - Opened Copy & Move module
2025-08-31 08:06:54 - Exited Shell Starter Kit
2025-08-31 08:07:24 - Viewed permissions of: data
2025-08-31 08:07:24 - Opened Permissions module
2025-08-31 08:08:30 - Changed permissions of contacts.txt to 766
2025-08-31 08:08:30 - Opened Permissions module
2025-08-31 08:08:34 - Exited Shell Starter Kit
2025-08-31 08:08:39 - Exited Shell Starter Kit
2025-08-31 08:09:06 - Searched and found file: contacts.txt
2025-08-31 08:09:06 - Opened File Search module
2025-08-31 08:09:11 - Exited Shell Starter Kit
2025-08-31 08:09:21 - Viewed system information
2025-08-31 08:09:21 - Opened System Information module
2025-08-31 08:10:07 - Added contact: Rutuja - 88888888
2025-08-31 08:10:07 - Opened Contact Database module
2025-08-31 08:10:12 - Viewed contacts list
2025-08-31 08:10:12 - Opened Contact Database module
2025-08-31 08:10:17 - Exited Shell Starter Kit
2025-08-31 08:10:30 - Exited Shell Starter Kit
